<?xml version="1.0" encoding="UTF-8"?>
<testng-results ignored="0" total="1" passed="1" failed="0" skipped="0">
  <reporter-output>
  </reporter-output>
  <suite started-at="2022-03-25T00:59:21 BDT" name="Default suite" finished-at="2022-03-25T00:59:32 BDT" duration-ms="11328">
    <groups>
    </groups>
    <test started-at="2022-03-25T00:59:21 BDT" name="Default test" finished-at="2022-03-25T00:59:32 BDT" duration-ms="11328">
      <class name="testCasePackage.TC007_RightClick">
        <test-method is-config="true" signature="setup()[pri:0, instance:testCasePackage.TC007_RightClick@6bc407fd]" started-at="2022-03-25T00:59:17 BDT" name="setup" finished-at="2022-03-25T00:59:21 BDT" duration-ms="3195" status="PASS">
          <reporter-output>
          </reporter-output>
        </test-method> <!-- setup -->
        <test-method signature="doubleClickRightClick()[pri:18, instance:testCasePackage.TC007_RightClick@6bc407fd]" started-at="2022-03-25T00:59:21 BDT" name="doubleClickRightClick" finished-at="2022-03-25T00:59:32 BDT" duration-ms="11172" status="PASS">
          <reporter-output>
          </reporter-output>
        </test-method> <!-- doubleClickRightClick -->
        <test-method is-config="true" signature="tearDown()[pri:0, instance:testCasePackage.TC007_RightClick@6bc407fd]" started-at="2022-03-25T00:59:32 BDT" name="tearDown" finished-at="2022-03-25T00:59:33 BDT" duration-ms="931" status="PASS">
          <reporter-output>
          </reporter-output>
        </test-method> <!-- tearDown -->
      </class> <!-- testCasePackage.TC007_RightClick -->
    </test> <!-- Default test -->
  </suite> <!-- Default suite -->
</testng-results>
