<?xml version="1.0" encoding="UTF-8"?>
<testng-results ignored="0" total="1" passed="1" failed="0" skipped="0">
  <reporter-output>
  </reporter-output>
  <suite started-at="2022-03-25T01:02:58 BDT" name="Default suite" finished-at="2022-03-25T01:03:06 BDT" duration-ms="8681">
    <groups>
    </groups>
    <test started-at="2022-03-25T01:02:58 BDT" name="Default test" finished-at="2022-03-25T01:03:06 BDT" duration-ms="8681">
      <class name="testcasePackage.TC004_DoubleClickForSelect">
        <test-method is-config="true" signature="setup()[pri:0, instance:testcasePackage.TC004_DoubleClickForSelect@6bc407fd]" started-at="2022-03-25T01:02:54 BDT" name="setup" finished-at="2022-03-25T01:02:58 BDT" duration-ms="3265" status="PASS">
          <reporter-output>
          </reporter-output>
        </test-method> <!-- setup -->
        <test-method signature="selectText()[pri:0, instance:testcasePackage.TC004_DoubleClickForSelect@6bc407fd]" started-at="2022-03-25T01:02:58 BDT" name="selectText" finished-at="2022-03-25T01:03:06 BDT" duration-ms="8516" status="PASS">
          <reporter-output>
          </reporter-output>
        </test-method> <!-- selectText -->
        <test-method is-config="true" signature="tearDown()[pri:0, instance:testcasePackage.TC004_DoubleClickForSelect@6bc407fd]" started-at="2022-03-25T01:03:06 BDT" name="tearDown" finished-at="2022-03-25T01:03:07 BDT" duration-ms="322" status="PASS">
          <reporter-output>
          </reporter-output>
        </test-method> <!-- tearDown -->
      </class> <!-- testcasePackage.TC004_DoubleClickForSelect -->
    </test> <!-- Default test -->
  </suite> <!-- Default suite -->
</testng-results>
