<?xml version="1.0" encoding="UTF-8"?>
<testng-results ignored="0" total="1" passed="1" failed="0" skipped="0">
  <reporter-output>
  </reporter-output>
  <suite started-at="2022-03-14T01:37:33 BDT" name="Default suite" finished-at="2022-03-14T01:37:38 BDT" duration-ms="5071">
    <groups>
    </groups>
    <test started-at="2022-03-14T01:37:33 BDT" name="Default test" finished-at="2022-03-14T01:37:38 BDT" duration-ms="5071">
      <class name="testcasePackage.TC0002_forgotPassword">
        <test-method is-config="true" signature="setup()[pri:0, instance:testcasePackage.TC0002_forgotPassword@6bc407fd]" started-at="2022-03-14T01:37:27 BDT" name="setup" finished-at="2022-03-14T01:37:33 BDT" duration-ms="5313" status="PASS">
          <reporter-output>
          </reporter-output>
        </test-method> <!-- setup -->
        <test-method signature="forgotPassword()[pri:0, instance:testcasePackage.TC0002_forgotPassword@6bc407fd]" started-at="2022-03-14T01:37:33 BDT" name="forgotPassword" finished-at="2022-03-14T01:37:38 BDT" duration-ms="4898" status="PASS">
          <reporter-output>
          </reporter-output>
        </test-method> <!-- forgotPassword -->
        <test-method is-config="true" signature="tearDown()[pri:0, instance:testcasePackage.TC0002_forgotPassword@6bc407fd]" started-at="2022-03-14T01:37:38 BDT" name="tearDown" finished-at="2022-03-14T01:37:38 BDT" duration-ms="186" status="PASS">
          <reporter-output>
          </reporter-output>
        </test-method> <!-- tearDown -->
      </class> <!-- testcasePackage.TC0002_forgotPassword -->
    </test> <!-- Default test -->
  </suite> <!-- Default suite -->
</testng-results>
