<?xml version="1.0" encoding="UTF-8"?>
<testng-results ignored="0" total="1" passed="1" failed="0" skipped="0">
  <reporter-output>
  </reporter-output>
  <suite started-at="2022-03-14T11:19:39 BDT" name="Default suite" finished-at="2022-03-14T11:19:55 BDT" duration-ms="16274">
    <groups>
    </groups>
    <test started-at="2022-03-14T11:19:39 BDT" name="Default test" finished-at="2022-03-14T11:19:55 BDT" duration-ms="16274">
      <class name="testCasePackage.TC_0001_submitForm">
        <test-method is-config="true" signature="setup()[pri:0, instance:testCasePackage.TC_0001_submitForm@6bc407fd]" started-at="2022-03-14T11:19:34 BDT" name="setup" finished-at="2022-03-14T11:19:39 BDT" duration-ms="4509" status="PASS">
          <reporter-output>
          </reporter-output>
        </test-method> <!-- setup -->
        <test-method signature="fillForm()[pri:0, instance:testCasePackage.TC_0001_submitForm@6bc407fd]" started-at="2022-03-14T11:19:39 BDT" name="fillForm" finished-at="2022-03-14T11:19:55 BDT" duration-ms="16105" status="PASS">
          <reporter-output>
          </reporter-output>
        </test-method> <!-- fillForm -->
        <test-method is-config="true" signature="tearDown()[pri:0, instance:testCasePackage.TC_0001_submitForm@6bc407fd]" started-at="2022-03-14T11:19:55 BDT" name="tearDown" finished-at="2022-03-14T11:19:56 BDT" duration-ms="1247" status="PASS">
          <reporter-output>
          </reporter-output>
        </test-method> <!-- tearDown -->
      </class> <!-- testCasePackage.TC_0001_submitForm -->
    </test> <!-- Default test -->
  </suite> <!-- Default suite -->
</testng-results>
