<?xml version="1.0" encoding="UTF-8"?>
<testng-results ignored="0" total="1" passed="1" failed="0" skipped="0">
  <reporter-output>
  </reporter-output>
  <suite started-at="2022-03-14T11:18:42 BDT" name="Default suite" finished-at="2022-03-14T11:18:56 BDT" duration-ms="13852">
    <groups>
    </groups>
    <test started-at="2022-03-14T11:18:42 BDT" name="Default test" finished-at="2022-03-14T11:18:56 BDT" duration-ms="13852">
      <class name="testCasePackage.Tc0001_login">
        <test-method is-config="true" signature="setup()[pri:0, instance:testCasePackage.Tc0001_login@6bc407fd]" started-at="2022-03-14T11:18:35 BDT" name="setup" finished-at="2022-03-14T11:18:42 BDT" duration-ms="7005" status="PASS">
          <reporter-output>
          </reporter-output>
        </test-method> <!-- setup -->
        <test-method signature="login()[pri:0, instance:testCasePackage.Tc0001_login@6bc407fd]" started-at="2022-03-14T11:18:42 BDT" name="login" finished-at="2022-03-14T11:18:56 BDT" duration-ms="13592" status="PASS">
          <reporter-output>
          </reporter-output>
        </test-method> <!-- login -->
        <test-method is-config="true" signature="tearDown()[pri:0, instance:testCasePackage.Tc0001_login@6bc407fd]" started-at="2022-03-14T11:18:56 BDT" name="tearDown" finished-at="2022-03-14T11:18:58 BDT" duration-ms="1310" status="PASS">
          <reporter-output>
          </reporter-output>
        </test-method> <!-- tearDown -->
      </class> <!-- testCasePackage.Tc0001_login -->
    </test> <!-- Default test -->
  </suite> <!-- Default suite -->
</testng-results>
