<?xml version="1.0" encoding="UTF-8"?>
<testng-results ignored="0" total="1" passed="1" failed="0" skipped="0">
  <reporter-output>
  </reporter-output>
  <suite started-at="2022-03-02T22:59:37 BDT" name="Default suite" finished-at="2022-03-02T23:00:01 BDT" duration-ms="24135">
    <groups>
    </groups>
    <test started-at="2022-03-02T22:59:37 BDT" name="Default test" finished-at="2022-03-02T23:00:01 BDT" duration-ms="24135">
      <class name="testCasePackage.Tc0001_login">
        <test-method is-config="true" signature="setup()[pri:0, instance:testCasePackage.Tc0001_login@52b1beb6]" started-at="2022-03-02T22:59:33 BDT" name="setup" finished-at="2022-03-02T22:59:37 BDT" duration-ms="4098" status="PASS">
          <reporter-output>
          </reporter-output>
        </test-method> <!-- setup -->
        <test-method signature="login()[pri:0, instance:testCasePackage.Tc0001_login@52b1beb6]" started-at="2022-03-02T22:59:37 BDT" name="login" finished-at="2022-03-02T23:00:01 BDT" duration-ms="24060" status="PASS">
          <reporter-output>
          </reporter-output>
        </test-method> <!-- login -->
        <test-method is-config="true" signature="tearDown()[pri:0, instance:testCasePackage.Tc0001_login@52b1beb6]" started-at="2022-03-02T23:00:01 BDT" name="tearDown" finished-at="2022-03-02T23:00:02 BDT" duration-ms="376" status="PASS">
          <reporter-output>
          </reporter-output>
        </test-method> <!-- tearDown -->
      </class> <!-- testCasePackage.Tc0001_login -->
    </test> <!-- Default test -->
  </suite> <!-- Default suite -->
</testng-results>
